0 info it worked if it ends with ok
1 verbose cli [ 'node', '/usr/local/bin/npm', 'install', 'http', '--save' ]
2 info using npm@1.2.10
3 info using node@v0.8.19
4 verbose read json /Users/cberkley/project/arduino/js/package.json
5 verbose read json /Users/cberkley/project/arduino/js/node_modules/express/package.json
6 verbose read json /Users/cberkley/project/arduino/js/node_modules/johnny-five/package.json
7 verbose read json /Users/cberkley/project/arduino/js/node_modules/leapjs/package.json
8 verbose read json /Users/cberkley/project/arduino/js/node_modules/sleep/package.json
9 verbose read json /Users/cberkley/project/arduino/js/node_modules/ws/package.json
10 verbose read json /Users/cberkley/project/arduino/js/package.json
11 verbose cache add [ 'http', null ]
12 verbose cache add name=undefined spec="http" args=["http",null]
13 verbose parsed url { pathname: 'http', path: 'http', href: 'http' }
14 silly lockFile 77b5f8e3-http http
15 verbose lock http /Users/cberkley/.npm/77b5f8e3-http.lock
16 silly lockFile 77b5f8e3-http http
17 silly lockFile 77b5f8e3-http http
18 verbose addNamed [ 'http', '' ]
19 verbose addNamed [ null, '' ]
20 silly lockFile c1086ff9-http http@
21 verbose lock http@ /Users/cberkley/.npm/c1086ff9-http.lock
22 silly addNameRange { name: 'http', range: '', hasData: false }
23 verbose url raw http
24 verbose url resolving [ 'https://registry.npmjs.org/', './http' ]
25 verbose url resolved https://registry.npmjs.org/http
26 info trying registry request attempt 1 at 18:14:22
27 http GET https://registry.npmjs.org/http
28 http 404 https://registry.npmjs.org/http
29 silly registry.get cb [ 404,
29 silly registry.get   { server: 'CouchDB/1.3.1 (Erlang OTP/R15B03)',
29 silly registry.get     date: 'Sun, 29 Sep 2013 01:13:59 GMT',
29 silly registry.get     'content-type': 'application/json',
29 silly registry.get     'content-length': '52',
29 silly registry.get     'cache-control': 'must-revalidate' } ]
30 silly lockFile c1086ff9-http http@
31 silly lockFile c1086ff9-http http@
32 error 404 'http' is not in the npm registry.
32 error 404 You should bug the author to publish it
32 error 404
32 error 404 Note that you can also install from a
32 error 404 tarball, folder, or http url, or git url.
33 error System Darwin 12.3.0
34 error command "node" "/usr/local/bin/npm" "install" "http" "--save"
35 error cwd /Users/cberkley/project/arduino/js
36 error node -v v0.8.19
37 error npm -v 1.2.10
38 error code E404
39 verbose exit [ 1, true ]
